app/build/intermediates/manifest_merge_blame_file/debug/manifest-merger-blame-debug-report.txt
1<?xml version="1.0" encoding="utf-8"?>
2<manifest xmlns:android="http://schemas.android.com/apk/res/android"
3    package="com.sharesoft.sharebook"
4    android:versionCode="1"
5    android:versionName="1.0" >
6
7    <uses-sdk
8        android:minSdkVersion="16"
8-->src\main\AndroidManifest.xml
9        android:targetSdkVersion="29" />
9-->src\main\AndroidManifest.xml
10
11    <uses-permission android:name="android.permission.INTERNET" />
11-->src\main\AndroidManifest.xml:4:5-67
11-->src\main\AndroidManifest.xml:4:22-64
12    <uses-permission android:name="android.permission.ACCESS_NETWORK_STATE" />
12-->src\main\AndroidManifest.xml:5:5-79
12-->src\main\AndroidManifest.xml:5:22-76
13    <uses-permission android:name="android.permission.WRITE_EXTERNAL_STORAGE" />
13-->src\main\AndroidManifest.xml:6:5-81
13-->src\main\AndroidManifest.xml:6:22-78
14    <uses-permission android:name="android.permission.READ_EXTERNAL_STORAGE" />
14-->src\main\AndroidManifest.xml:7:5-80
14-->src\main\AndroidManifest.xml:7:22-77
15    <uses-permission android:name="android.permission.WAKE_LOCK" />
15-->[com.google.android.gms:play-services-measurement-sdk-api:17.1.0] AndroidManifest.xml:25:5-68
15-->[com.google.android.gms:play-services-measurement-sdk-api:17.1.0] AndroidManifest.xml:25:22-65
16
17    <application
17-->src\main\AndroidManifest.xml:8:5-41:19
18        android:name="androidx.multidex.MultiDexApplication"
19        android:allowBackup="true"
19-->src\main\AndroidManifest.xml:9:9-35
20        android:appComponentFactory="androidx.core.app.CoreComponentFactory"
20-->[androidx.core:core:1.1.0] AndroidManifest.xml:24:18-86
21        android:debuggable="true"
22        android:icon="@mipmap/ic_launcher"
22-->src\main\AndroidManifest.xml:10:9-43
23        android:label="@string/app_name"
23-->src\main\AndroidManifest.xml:11:9-41
24        android:roundIcon="@mipmap/ic_launcher_round"
24-->src\main\AndroidManifest.xml:12:9-54
25        android:supportsRtl="true"
25-->src\main\AndroidManifest.xml:13:9-35
26        android:testOnly="true"
27        android:theme="@style/AppTheme" >
27-->src\main\AndroidManifest.xml:14:9-40
28
29        <!-- Include the AdActivity configChanges and theme. -->
30        <!-- Sample AdMob App ID: ca-app-pub-3940256099942544~3347511713 -->
31        <meta-data
31-->src\main\AndroidManifest.xml:17:9-19:69
32            android:name="com.google.android.gms.ads.APPLICATION_ID"
32-->src\main\AndroidManifest.xml:18:13-69
33            android:value="ca-app-pub-3940256099942544~3347511713" />
33-->src\main\AndroidManifest.xml:19:13-67
34
35        <activity
35-->src\main\AndroidManifest.xml:21:9-24:64
36            android:name="com.google.android.gms.ads.AdActivity"
36-->src\main\AndroidManifest.xml:22:13-65
37            android:configChanges="keyboard|keyboardHidden|orientation|screenLayout|uiMode|screenSize|smallestScreenSize"
37-->src\main\AndroidManifest.xml:23:13-122
38            android:exported="false"
38-->[com.google.android.gms:play-services-ads-lite:18.3.0] AndroidManifest.xml:32:13-37
39            android:theme="@android:style/Theme.Translucent" />
39-->src\main\AndroidManifest.xml:24:13-61
40        <activity android:name="com.sharesoft.sharebook.Bookbrowser" />
40-->src\main\AndroidManifest.xml:25:9-49
40-->src\main\AndroidManifest.xml:25:19-46
41        <activity android:name="com.sharesoft.sharebook.Bookshelf" />
41-->src\main\AndroidManifest.xml:26:9-47
41-->src\main\AndroidManifest.xml:26:19-44
42        <activity android:name="com.sharesoft.sharebook.AddBookActivity" />
42-->src\main\AndroidManifest.xml:27:9-53
42-->src\main\AndroidManifest.xml:27:19-50
43        <activity android:name="com.sharesoft.sharebook.AccountActivity.LoginActivity" >
43-->src\main\AndroidManifest.xml:28:9-34:20
43-->src\main\AndroidManifest.xml:28:19-64
44            <intent-filter>
44-->src\main\AndroidManifest.xml:29:13-33:29
45                <action android:name="android.intent.action.MAIN" />
45-->src\main\AndroidManifest.xml:30:17-69
45-->src\main\AndroidManifest.xml:30:25-66
46
47                <category android:name="android.intent.category.LAUNCHER" />
47-->src\main\AndroidManifest.xml:32:17-77
47-->src\main\AndroidManifest.xml:32:27-74
48            </intent-filter>
49        </activity>
50        <activity android:name="com.sharesoft.sharebook.MainActivity" />
50-->src\main\AndroidManifest.xml:35:9-50
50-->src\main\AndroidManifest.xml:35:19-47
51        <activity android:name="com.sharesoft.sharebook.AccountActivity.SignupActivity" />
51-->src\main\AndroidManifest.xml:36:9-68
51-->src\main\AndroidManifest.xml:36:19-65
52        <activity android:name="com.sharesoft.sharebook.AccountActivity.ResetPasswordActivity" />
52-->src\main\AndroidManifest.xml:37:9-75
52-->src\main\AndroidManifest.xml:37:19-72
53        <activity
53-->src\main\AndroidManifest.xml:38:9-40:59
54            android:name="com.theartofdev.edmodo.cropper.CropImageActivity"
54-->src\main\AndroidManifest.xml:39:13-76
55            android:theme="@style/Base.Theme.AppCompat" />
55-->src\main\AndroidManifest.xml:40:13-56
56
57        <meta-data
57-->[com.firebaseui:firebase-ui-database:1.2.0] AndroidManifest.xml:14:9-16:69
58            android:name="com.google.android.gms.version"
58-->[com.firebaseui:firebase-ui-database:1.2.0] AndroidManifest.xml:15:13-58
59            android:value="@integer/google_play_services_version" />
59-->[com.firebaseui:firebase-ui-database:1.2.0] AndroidManifest.xml:16:13-66
60        <meta-data
60-->[com.firebaseui:firebase-ui-auth:1.2.0] AndroidManifest.xml:18:9-20:63
61            android:name="io.fabric.ApiKey"
61-->[com.firebaseui:firebase-ui-auth:1.2.0] AndroidManifest.xml:19:13-44
62            android:value="@string/twitter_consumer_secret" />
62-->[com.firebaseui:firebase-ui-auth:1.2.0] AndroidManifest.xml:20:13-60
63        <meta-data
63-->[com.firebaseui:firebase-ui-auth:1.2.0] AndroidManifest.xml:21:9-23:63
64            android:name="com.facebook.sdk.ApplicationId"
64-->[com.firebaseui:firebase-ui-auth:1.2.0] AndroidManifest.xml:22:13-58
65            android:value="@string/facebook_application_id" />
65-->[com.firebaseui:firebase-ui-auth:1.2.0] AndroidManifest.xml:23:13-60
66        <meta-data
66-->[com.firebaseui:firebase-ui-auth:1.2.0] AndroidManifest.xml:24:9-26:36
67            android:name="com.facebook.sdk.AutoLogAppEventsEnabled"
67-->[com.firebaseui:firebase-ui-auth:1.2.0] AndroidManifest.xml:25:13-68
68            android:value="true" />
68-->[com.firebaseui:firebase-ui-auth:1.2.0] AndroidManifest.xml:26:13-33
69
70        <activity
70-->[com.firebaseui:firebase-ui-auth:1.2.0] AndroidManifest.xml:28:9-32:61
71            android:name="com.firebase.ui.auth.KickoffActivity"
71-->[com.firebaseui:firebase-ui-auth:1.2.0] AndroidManifest.xml:29:13-64
72            android:exported="false"
72-->[com.firebaseui:firebase-ui-auth:1.2.0] AndroidManifest.xml:30:13-37
73            android:label=""
73-->[com.firebaseui:firebase-ui-auth:1.2.0] AndroidManifest.xml:31:13-29
74            android:theme="@style/FirebaseUI.Transparent" />
74-->[com.firebaseui:firebase-ui-auth:1.2.0] AndroidManifest.xml:32:13-58
75        <activity
75-->[com.firebaseui:firebase-ui-auth:1.2.0] AndroidManifest.xml:33:9-36:71
76            android:name="com.firebase.ui.auth.ui.email.RecoverPasswordActivity"
76-->[com.firebaseui:firebase-ui-auth:1.2.0] AndroidManifest.xml:34:13-81
77            android:exported="false"
77-->[com.firebaseui:firebase-ui-auth:1.2.0] AndroidManifest.xml:35:13-37
78            android:label="@string/title_recover_password_activity" />
78-->[com.firebaseui:firebase-ui-auth:1.2.0] AndroidManifest.xml:36:13-68
79        <activity
79-->[com.firebaseui:firebase-ui-auth:1.2.0] AndroidManifest.xml:37:9-40:55
80            android:name="com.firebase.ui.auth.ui.email.RegisterEmailActivity"
80-->[com.firebaseui:firebase-ui-auth:1.2.0] AndroidManifest.xml:38:13-79
81            android:exported="false"
81-->[com.firebaseui:firebase-ui-auth:1.2.0] AndroidManifest.xml:39:13-37
82            android:label="@string/sign_in_default" />
82-->[com.firebaseui:firebase-ui-auth:1.2.0] AndroidManifest.xml:40:13-52
83        <activity
83-->[com.firebaseui:firebase-ui-auth:1.2.0] AndroidManifest.xml:41:9-44:69
84            android:name="com.firebase.ui.auth.ui.accountlink.WelcomeBackIdpPrompt"
84-->[com.firebaseui:firebase-ui-auth:1.2.0] AndroidManifest.xml:42:13-84
85            android:exported="false"
85-->[com.firebaseui:firebase-ui-auth:1.2.0] AndroidManifest.xml:43:13-37
86            android:label="@string/title_welcome_back_idp_prompt" />
86-->[com.firebaseui:firebase-ui-auth:1.2.0] AndroidManifest.xml:44:13-66
87        <activity
87-->[com.firebaseui:firebase-ui-auth:1.2.0] AndroidManifest.xml:45:9-48:74
88            android:name="com.firebase.ui.auth.ui.accountlink.WelcomeBackPasswordPrompt"
88-->[com.firebaseui:firebase-ui-auth:1.2.0] AndroidManifest.xml:46:13-89
89            android:exported="false"
89-->[com.firebaseui:firebase-ui-auth:1.2.0] AndroidManifest.xml:47:13-37
90            android:label="@string/title_welcome_back_password_prompt" />
90-->[com.firebaseui:firebase-ui-auth:1.2.0] AndroidManifest.xml:48:13-71
91        <activity
91-->[com.firebaseui:firebase-ui-auth:1.2.0] AndroidManifest.xml:49:9-52:61
92            android:name="com.firebase.ui.auth.ui.idp.AuthMethodPickerActivity"
92-->[com.firebaseui:firebase-ui-auth:1.2.0] AndroidManifest.xml:50:13-80
93            android:exported="false"
93-->[com.firebaseui:firebase-ui-auth:1.2.0] AndroidManifest.xml:51:13-37
94            android:label="@string/default_toolbar_title" />
94-->[com.firebaseui:firebase-ui-auth:1.2.0] AndroidManifest.xml:52:13-58
95        <activity
95-->[com.firebaseui:firebase-ui-auth:1.2.0] AndroidManifest.xml:53:9-56:48
96            android:name="com.facebook.FacebookActivity"
96-->[com.firebaseui:firebase-ui-auth:1.2.0] AndroidManifest.xml:54:13-57
97            android:configChanges="keyboard|keyboardHidden|screenLayout|screenSize|orientation"
97-->[com.firebaseui:firebase-ui-auth:1.2.0] AndroidManifest.xml:55:13-96
98            android:label="@string/app_name"
98-->[com.firebaseui:firebase-ui-auth:1.2.0] AndroidManifest.xml:56:13-45
99            android:theme="@style/com_facebook_activity_theme" />
99-->[com.facebook.android:facebook-android-sdk:4.19.0] AndroidManifest.xml:32:13-63
100        <activity
100-->[com.firebaseui:firebase-ui-auth:1.2.0] AndroidManifest.xml:57:9-68:20
101            android:name="com.facebook.CustomTabActivity"
101-->[com.firebaseui:firebase-ui-auth:1.2.0] AndroidManifest.xml:58:13-58
102            android:exported="true" >
102-->[com.firebaseui:firebase-ui-auth:1.2.0] AndroidManifest.xml:59:13-36
103            <intent-filter>
103-->[com.firebaseui:firebase-ui-auth:1.2.0] AndroidManifest.xml:60:13-67:29
104                <action android:name="android.intent.action.VIEW" />
104-->[com.firebaseui:firebase-ui-auth:1.2.0] AndroidManifest.xml:61:17-69
104-->[com.firebaseui:firebase-ui-auth:1.2.0] AndroidManifest.xml:61:25-66
105
106                <category android:name="android.intent.category.DEFAULT" />
106-->[com.firebaseui:firebase-ui-auth:1.2.0] AndroidManifest.xml:63:17-76
106-->[com.firebaseui:firebase-ui-auth:1.2.0] AndroidManifest.xml:63:27-73
107                <category android:name="android.intent.category.BROWSABLE" />
107-->[com.firebaseui:firebase-ui-auth:1.2.0] AndroidManifest.xml:64:17-78
107-->[com.firebaseui:firebase-ui-auth:1.2.0] AndroidManifest.xml:64:27-75
108
109                <data android:scheme="@string/facebook_login_protocol_scheme" />
109-->[com.firebaseui:firebase-ui-auth:1.2.0] AndroidManifest.xml:66:17-81
109-->[com.firebaseui:firebase-ui-auth:1.2.0] AndroidManifest.xml:66:23-78
110            </intent-filter>
111        </activity>
112        <activity android:name="com.facebook.CustomTabMainActivity" />
112-->[com.facebook.android:facebook-android-sdk:4.19.0] AndroidManifest.xml:33:9-71
112-->[com.facebook.android:facebook-android-sdk:4.19.0] AndroidManifest.xml:33:19-68
113        <!--
114         The initialization ContentProvider will call FacebookSdk.sdkInitialize automatically
115         with the application context. This config is merged in with the host app's manifest,
116         but there can only be one provider with the same authority activated at any given
117         point; so if the end user has two or more different apps that use Facebook SDK, only the
118         first one will be able to use the provider. To work around this problem, we use the
119         following placeholder in the authority to identify each host application as if it was
120         a completely different provider.
121        -->
122        <provider
122-->[com.facebook.android:facebook-android-sdk:4.19.0] AndroidManifest.xml:44:9-47:40
123            android:name="com.facebook.internal.FacebookInitProvider"
123-->[com.facebook.android:facebook-android-sdk:4.19.0] AndroidManifest.xml:45:13-70
124            android:authorities="com.sharesoft.sharebook.FacebookInitProvider"
124-->[com.facebook.android:facebook-android-sdk:4.19.0] AndroidManifest.xml:46:13-72
125            android:exported="false" />
125-->[com.facebook.android:facebook-android-sdk:4.19.0] AndroidManifest.xml:47:13-37
126
127        <activity
127-->[com.google.firebase:firebase-auth:19.1.0] AndroidManifest.xml:24:9-31:50
128            android:name="com.google.firebase.auth.internal.FederatedSignInActivity"
128-->[com.google.firebase:firebase-auth:19.1.0] AndroidManifest.xml:25:13-85
129            android:excludeFromRecents="true"
129-->[com.google.firebase:firebase-auth:19.1.0] AndroidManifest.xml:26:13-46
130            android:exported="true"
130-->[com.google.firebase:firebase-auth:19.1.0] AndroidManifest.xml:27:13-36
131            android:launchMode="singleTask"
131-->[com.google.firebase:firebase-auth:19.1.0] AndroidManifest.xml:28:13-44
132            android:permission="com.google.firebase.auth.api.gms.permission.LAUNCH_FEDERATED_SIGN_IN"
132-->[com.google.firebase:firebase-auth:19.1.0] AndroidManifest.xml:29:13-102
133            android:theme="@android:style/Theme.Translucent.NoTitleBar" />
133-->[com.google.firebase:firebase-auth:19.1.0] AndroidManifest.xml:30:13-72
134
135        <service
135-->[com.google.firebase:firebase-auth:19.1.0] AndroidManifest.xml:33:9-39:19
136            android:name="com.google.firebase.components.ComponentDiscoveryService"
136-->[com.google.firebase:firebase-auth:19.1.0] AndroidManifest.xml:34:13-84
137            android:directBootAware="true"
137-->[com.google.firebase:firebase-common:19.2.0] AndroidManifest.xml:15:13-43
138            android:exported="false" >
138-->[com.google.firebase:firebase-auth:19.1.0] AndroidManifest.xml:35:13-37
139            <meta-data
139-->[com.google.firebase:firebase-auth:19.1.0] AndroidManifest.xml:36:13-38:85
140                android:name="com.google.firebase.components:com.google.firebase.auth.FirebaseAuthRegistrar"
140-->[com.google.firebase:firebase-auth:19.1.0] AndroidManifest.xml:37:17-109
141                android:value="com.google.firebase.components.ComponentRegistrar" />
141-->[com.google.firebase:firebase-auth:19.1.0] AndroidManifest.xml:38:17-82
142            <meta-data
142-->[com.google.firebase:firebase-database:19.2.0] AndroidManifest.xml:32:13-34:85
143                android:name="com.google.firebase.components:com.google.firebase.database.DatabaseRegistrar"
143-->[com.google.firebase:firebase-database:19.2.0] AndroidManifest.xml:33:17-109
144                android:value="com.google.firebase.components.ComponentRegistrar" />
144-->[com.google.firebase:firebase-database:19.2.0] AndroidManifest.xml:34:17-82
145        </service>
146
147        <activity
147-->[com.google.android.gms:play-services-auth:10.2.0] AndroidManifest.xml:20:9-189
148            android:name="com.google.android.gms.auth.api.signin.internal.SignInHubActivity"
148-->[com.google.android.gms:play-services-auth:10.2.0] AndroidManifest.xml:20:19-68
149            android:excludeFromRecents="true"
149-->[com.google.android.gms:play-services-auth:10.2.0] AndroidManifest.xml:20:129-162
150            android:exported="false"
150-->[com.google.android.gms:play-services-auth:10.2.0] AndroidManifest.xml:20:163-187
151            android:theme="@android:style/Theme.Translucent.NoTitleBar" />
151-->[com.google.android.gms:play-services-auth:10.2.0] AndroidManifest.xml:20:69-128
152        <!--
153Service handling Google Sign-In user revocation. For apps that do not integrate with
154            Google Sign-In, this service will never be started.
155        -->
156        <service
156-->[com.google.android.gms:play-services-auth:10.2.0] AndroidManifest.xml:24:9-184
157            android:name="com.google.android.gms.auth.api.signin.RevocationBoundService"
157-->[com.google.android.gms:play-services-auth:10.2.0] AndroidManifest.xml:24:18-63
158            android:exported="true"
158-->[com.google.android.gms:play-services-auth:10.2.0] AndroidManifest.xml:24:64-87
159            android:permission="com.google.android.gms.auth.api.signin.permission.REVOCATION_NOTIFICATION" />
159-->[com.google.android.gms:play-services-auth:10.2.0] AndroidManifest.xml:24:88-182
160
161        <activity
161-->[com.google.android.gms:play-services-base:17.1.0] AndroidManifest.xml:23:9-26:75
162            android:name="com.google.android.gms.common.api.GoogleApiActivity"
162-->[com.google.android.gms:play-services-base:17.1.0] AndroidManifest.xml:24:13-79
163            android:exported="false"
163-->[com.google.android.gms:play-services-base:17.1.0] AndroidManifest.xml:25:13-37
164            android:theme="@android:style/Theme.Translucent.NoTitleBar" />
164-->[com.google.android.gms:play-services-base:17.1.0] AndroidManifest.xml:26:13-72
165
166        <provider
166-->[com.google.firebase:firebase-common:19.2.0] AndroidManifest.xml:19:9-23:39
167            android:name="com.google.firebase.provider.FirebaseInitProvider"
167-->[com.google.firebase:firebase-common:19.2.0] AndroidManifest.xml:20:13-77
168            android:authorities="com.sharesoft.sharebook.firebaseinitprovider"
168-->[com.google.firebase:firebase-common:19.2.0] AndroidManifest.xml:21:13-72
169            android:exported="false"
169-->[com.google.firebase:firebase-common:19.2.0] AndroidManifest.xml:22:13-37
170            android:initOrder="100" />
170-->[com.google.firebase:firebase-common:19.2.0] AndroidManifest.xml:23:13-36
171        <provider
171-->[com.google.android.gms:play-services-ads-lite:18.3.0] AndroidManifest.xml:35:9-39:39
172            android:name="com.google.android.gms.ads.MobileAdsInitProvider"
172-->[com.google.android.gms:play-services-ads-lite:18.3.0] AndroidManifest.xml:36:13-76
173            android:authorities="com.sharesoft.sharebook.mobileadsinitprovider"
173-->[com.google.android.gms:play-services-ads-lite:18.3.0] AndroidManifest.xml:37:13-73
174            android:exported="false"
174-->[com.google.android.gms:play-services-ads-lite:18.3.0] AndroidManifest.xml:38:13-37
175            android:initOrder="100" />
175-->[com.google.android.gms:play-services-ads-lite:18.3.0] AndroidManifest.xml:39:13-36
176
177        <activity
177-->[com.twitter.sdk.android:tweet-ui:2.3.0] AndroidManifest.xml:28:9-31:49
178            android:name="com.twitter.sdk.android.tweetui.PlayerActivity"
178-->[com.twitter.sdk.android:tweet-ui:2.3.0] AndroidManifest.xml:29:13-74
179            android:configChanges="keyboardHidden|orientation|screenSize"
179-->[com.twitter.sdk.android:tweet-ui:2.3.0] AndroidManifest.xml:30:13-74
180            android:theme="@style/MediaTheme" />
180-->[com.twitter.sdk.android:tweet-ui:2.3.0] AndroidManifest.xml:31:13-46
181        <activity
181-->[com.twitter.sdk.android:tweet-ui:2.3.0] AndroidManifest.xml:32:9-34:49
182            android:name="com.twitter.sdk.android.tweetui.GalleryActivity"
182-->[com.twitter.sdk.android:tweet-ui:2.3.0] AndroidManifest.xml:33:13-75
183            android:theme="@style/MediaTheme" />
183-->[com.twitter.sdk.android:tweet-ui:2.3.0] AndroidManifest.xml:34:13-46
184        <activity
184-->[com.twitter.sdk.android:tweet-composer:2.3.0] AndroidManifest.xml:28:9-31:71
185            android:name="com.twitter.sdk.android.tweetcomposer.ComposerActivity"
185-->[com.twitter.sdk.android:tweet-composer:2.3.0] AndroidManifest.xml:29:13-82
186            android:exported="false"
186-->[com.twitter.sdk.android:tweet-composer:2.3.0] AndroidManifest.xml:30:13-37
187            android:windowSoftInputMode="adjustResize|stateVisible" />
187-->[com.twitter.sdk.android:tweet-composer:2.3.0] AndroidManifest.xml:31:13-68
188
189        <service
189-->[com.twitter.sdk.android:tweet-composer:2.3.0] AndroidManifest.xml:33:9-36:40
190            android:name="com.twitter.sdk.android.tweetcomposer.TweetUploadService"
190-->[com.twitter.sdk.android:tweet-composer:2.3.0] AndroidManifest.xml:34:13-84
191            android:enabled="true"
191-->[com.twitter.sdk.android:tweet-composer:2.3.0] AndroidManifest.xml:35:13-35
192            android:exported="false" />
192-->[com.twitter.sdk.android:tweet-composer:2.3.0] AndroidManifest.xml:36:13-37
193
194        <activity
194-->[com.twitter.sdk.android:twitter-core:2.3.0] AndroidManifest.xml:28:9-32:40
195            android:name="com.twitter.sdk.android.core.identity.OAuthActivity"
195-->[com.twitter.sdk.android:twitter-core:2.3.0] AndroidManifest.xml:29:13-79
196            android:configChanges="orientation|screenSize"
196-->[com.twitter.sdk.android:twitter-core:2.3.0] AndroidManifest.xml:30:13-59
197            android:excludeFromRecents="true"
197-->[com.twitter.sdk.android:twitter-core:2.3.0] AndroidManifest.xml:31:13-46
198            android:exported="false" />
198-->[com.twitter.sdk.android:twitter-core:2.3.0] AndroidManifest.xml:32:13-37
199        <activity
199-->[com.twitter.sdk.android:twitter-core:2.3.0] AndroidManifest.xml:33:9-39:48
200            android:name="com.twitter.sdk.android.core.identity.ShareEmailActivity"
200-->[com.twitter.sdk.android:twitter-core:2.3.0] AndroidManifest.xml:34:13-84
201            android:configChanges="orientation|screenSize"
201-->[com.twitter.sdk.android:twitter-core:2.3.0] AndroidManifest.xml:35:13-59
202            android:excludeFromRecents="true"
202-->[com.twitter.sdk.android:twitter-core:2.3.0] AndroidManifest.xml:36:13-46
203            android:exported="false"
203-->[com.twitter.sdk.android:twitter-core:2.3.0] AndroidManifest.xml:37:13-37
204            android:icon="@drawable/tw__transparent"
204-->[com.twitter.sdk.android:twitter-core:2.3.0] AndroidManifest.xml:38:13-53
205            android:label="@string/kit_name" />
205-->[com.twitter.sdk.android:twitter-core:2.3.0] AndroidManifest.xml:39:13-45
206    </application>
207
208</manifest>